2024-08-17 21:41:28,886 [Worker-5: Loading available Gradle versions] INFO  o.e.b.c.i.u.g.PublishedGradleVersions - Gradle version information cache is up-to-date. Trying to read.
2024-08-17 21:41:48,996 [Worker-7: Importing Maven projects] INFO  o.e.m.c.i.l.LifecycleMappingFactory - Using org.eclipse.m2e.jdt.JarLifecycleMapping lifecycle mapping for MavenProject: com.belval:avaliacaogames:0.0.1-SNAPSHOT @ D:\CurriculoGitHub\tcc-ecommerce\tcc-web\avaliacao-games\pom.xml.
2024-08-17 21:42:00,499 [Worker-7: Importing Maven projects] INFO  o.e.m.j.i.AbstractJavaProjectConfigurator - Adding source folder /avaliacaogames/src/main/java
2024-08-17 21:42:00,500 [Worker-7: Importing Maven projects] INFO  o.e.m.j.i.AbstractJavaProjectConfigurator - Adding resource folder /avaliacaogames/src/main/resources
2024-08-17 21:42:00,503 [Worker-7: Importing Maven projects] INFO  o.e.m.j.i.AbstractJavaProjectConfigurator - Adding resource folder /avaliacaogames/src/main/resources
2024-08-17 21:42:00,507 [Worker-7: Importing Maven projects] INFO  o.e.m.j.i.AbstractJavaProjectConfigurator - Adding source folder /avaliacaogames/src/test/java
2024-08-17 21:42:01,173 [Worker-7: Importing Maven projects] INFO  o.e.m.c.i.p.ProjectConfigurationManager - Imported and configured 1 project(s) in 16 sec
2024-08-17 21:42:01,293 [Worker-1: Updating Maven Project] INFO  o.e.m.c.i.p.ProjectConfigurationManager - Update started
2024-08-17 21:42:01,756 [Worker-1: Updating Maven Project] INFO  o.e.m.c.i.l.LifecycleMappingFactory - Using org.eclipse.m2e.jdt.JarLifecycleMapping lifecycle mapping for MavenProject: com.belval:avaliacaogames:0.0.1-SNAPSHOT @ D:\CurriculoGitHub\tcc-ecommerce\tcc-web\avaliacao-games\pom.xml.
2024-08-17 21:42:02,838 [Worker-1: Updating Maven Project] INFO  o.e.m.j.i.AbstractJavaProjectConfigurator - Adding source folder /avaliacaogames/src/main/java
2024-08-17 21:42:02,839 [Worker-1: Updating Maven Project] INFO  o.e.m.j.i.AbstractJavaProjectConfigurator - Adding resource folder /avaliacaogames/src/main/resources
2024-08-17 21:42:02,841 [Worker-1: Updating Maven Project] INFO  o.e.m.j.i.AbstractJavaProjectConfigurator - Adding resource folder /avaliacaogames/src/main/resources
2024-08-17 21:42:02,850 [Worker-1: Updating Maven Project] INFO  o.e.m.j.i.AbstractJavaProjectConfigurator - Adding source folder /avaliacaogames/src/test/java
2024-08-17 21:42:04,168 [Worker-1: Updating Maven Project] INFO  o.e.m.c.i.p.ProjectConfigurationManager - Update completed for 1 poms: local refresh takes 0,00 sec, refresh facades takes 1,00 sec, update config takes 0,00 sec 
2024-08-17 21:42:07,134 [Worker-2: Building] INFO  o.e.m.c.i.embedder.EclipseLogger - Using 'UTF-8' encoding to copy filtered resources.
2024-08-17 21:42:07,134 [Worker-2: Building] INFO  o.e.m.c.i.embedder.EclipseLogger - Using 'UTF-8' encoding to copy filtered properties files.
2024-08-17 21:42:07,154 [Worker-2: Building] INFO  o.e.m.c.i.embedder.EclipseLogger - Copying 1 resource
2024-08-17 21:42:07,216 [Worker-2: Building] INFO  o.e.m.c.i.embedder.EclipseLogger - Copying 101 resources
2024-08-17 21:42:09,921 [Worker-2: Building] INFO  o.e.m.c.i.embedder.EclipseLogger - Using 'UTF-8' encoding to copy filtered resources.
2024-08-17 21:42:09,921 [Worker-2: Building] INFO  o.e.m.c.i.embedder.EclipseLogger - Using 'UTF-8' encoding to copy filtered properties files.
2024-08-17 21:42:09,921 [Worker-2: Building] INFO  o.e.m.c.i.embedder.EclipseLogger - skip non existing resourceDirectory D:\CurriculoGitHub\tcc-ecommerce\tcc-web\avaliacao-games\src\test\resources
